<?xml version="1.0" encoding="UTF-8" standalone="yes"?><!DOCTYPE report PUBLIC "-//JACOCO//DTD Report 1.1//EN" "report.dtd"><report name="PcCalidad"><sessioninfo id="DESKTOP-O48CICB-1de2fe4e" start="1763604233817" dump="1763604234412"/><sessioninfo id="DESKTOP-O48CICB-4f1c87e1" start="1763604249805" dump="1763604250426"/><sessioninfo id="DESKTOP-O48CICB-e6d2fcca" start="1763606983197" dump="1763606983846"/><sessioninfo id="DESKTOP-O48CICB-413b8d27" start="1763607067409" dump="1763607068114"/><sessioninfo id="DESKTOP-O48CICB-81318aa1" start="1763607091259" dump="1763607091935"/><sessioninfo id="DESKTOP-O48CICB-d2fde75f" start="1763607112477" dump="1763607113101"/><sessioninfo id="DESKTOP-O48CICB-348fa6f9" start="1763607381366" dump="1763607381995"/><sessioninfo id="DESKTOP-O48CICB-a04aeb83" start="1763608212214" dump="1763608212864"/><sessioninfo id="DESKTOP-O48CICB-1d88b0e1" start="1763608810036" dump="1763608810679"/><sessioninfo id="LAPTOP-DSEE4698-aa95049a" start="1764025793959" dump="1764025794998"/><sessioninfo id="LAPTOP-DSEE4698-f1ec900e" start="1764026037431" dump="1764026038536"/><sessioninfo id="LAPTOP-DSEE4698-9f6d2566" start="1764026107058" dump="1764026108110"/><sessioninfo id="LAPTOP-DSEE4698-f05be9af" start="1764027455667" dump="1764027456706"/><sessioninfo id="LAPTOP-DSEE4698-51134a9f" start="1764029549506" dump="1764029550461"/><sessioninfo id="LAPTOP-DSEE4698-9953deb6" start="1764029581852" dump="1764029582829"/><sessioninfo id="LAPTOP-DSEE4698-fe5506ec" start="1764029662579" dump="1764029663491"/><sessioninfo id="LAPTOP-DSEE4698-20beee69" start="1764029712383" dump="1764029713325"/><sessioninfo id="LAPTOP-DSEE4698-5a44b56a" start="1764030169295" dump="1764030170284"/><sessioninfo id="LAPTOP-DSEE4698-69167be6" start="1764030280662" dump="1764030281671"/><sessioninfo id="LAPTOP-DSEE4698-b81eeab0" start="1764036115788" dump="1764036117108"/><package name="com/pruebas/pccalidad"><class name="com/pruebas/pccalidad/Caso3" sourcefilename="Caso3.java"><method name="&lt;init&gt;" desc="()V" line="11"><counter type="INSTRUCTION" missed="0" covered="3"/><counter type="LINE" missed="0" covered="1"/><counter type="COMPLEXITY" missed="0" covered="1"/><counter type="METHOD" missed="0" covered="1"/></method><method name="isValidEmail" desc="(Ljava/lang/String;)Z" line="13"><counter type="INSTRUCTION" missed="2" covered="110"/><counter type="BRANCH" missed="1" covered="29"/><counter type="LINE" missed="0" covered="22"/><counter type="COMPLEXITY" missed="1" covered="15"/><counter type="METHOD" missed="0" covered="1"/></method><counter type="INSTRUCTION" missed="2" covered="113"/><counter type="BRANCH" missed="1" covered="29"/><counter type="LINE" missed="0" covered="23"/><counter type="COMPLEXITY" missed="1" covered="16"/><counter type="METHOD" missed="0" covered="2"/><counter type="CLASS" missed="0" covered="1"/></class><class name="com/pruebas/pccalidad/Caso4" sourcefilename="Caso4.java"><method name="&lt;init&gt;" desc="()V" line="12"><counter type="INSTRUCTION" missed="0" covered="3"/><counter type="LINE" missed="0" covered="1"/><counter type="COMPLEXITY" missed="0" covered="1"/><counter type="METHOD" missed="0" covered="1"/></method><method name="procesarTexto" desc="(Ljava/lang/String;)Ljava/lang/String;" line="16"><counter type="INSTRUCTION" missed="0" covered="40"/><counter type="BRANCH" missed="0" covered="6"/><counter type="LINE" missed="0" covered="10"/><counter type="COMPLEXITY" missed="0" covered="4"/><counter type="METHOD" missed="0" covered="1"/></method><counter type="INSTRUCTION" missed="0" covered="43"/><counter type="BRANCH" missed="0" covered="6"/><counter type="LINE" missed="0" covered="11"/><counter type="COMPLEXITY" missed="0" covered="5"/><counter type="METHOD" missed="0" covered="2"/><counter type="CLASS" missed="0" covered="1"/></class><class name="com/pruebas/pccalidad/Caso1" sourcefilename="Caso1.java"><method name="&lt;init&gt;" desc="()V" line="11"><counter type="INSTRUCTION" missed="0" covered="3"/><counter type="LINE" missed="0" covered="1"/><counter type="COMPLEXITY" missed="0" covered="1"/><counter type="METHOD" missed="0" covered="1"/></method><method name="isValid" desc="(Ljava/lang/String;)Z" line="13"><counter type="INSTRUCTION" missed="0" covered="84"/><counter type="BRANCH" missed="4" covered="24"/><counter type="LINE" missed="0" covered="17"/><counter type="COMPLEXITY" missed="4" covered="11"/><counter type="METHOD" missed="0" covered="1"/></method><counter type="INSTRUCTION" missed="0" covered="87"/><counter type="BRANCH" missed="4" covered="24"/><counter type="LINE" missed="0" covered="18"/><counter type="COMPLEXITY" missed="4" covered="12"/><counter type="METHOD" missed="0" covered="2"/><counter type="CLASS" missed="0" covered="1"/></class><class name="com/pruebas/pccalidad/Caso2" sourcefilename="Caso2.java"><method name="&lt;init&gt;" desc="()V" line="14"><counter type="INSTRUCTION" missed="0" covered="8"/><counter type="LINE" missed="0" covered="2"/><counter type="COMPLEXITY" missed="0" covered="1"/><counter type="METHOD" missed="0" covered="1"/></method><method name="addItem" desc="(Ljava/lang/String;I)V" line="18"><counter type="INSTRUCTION" missed="5" covered="55"/><counter type="BRANCH" missed="3" covered="9"/><counter type="LINE" missed="1" covered="10"/><counter type="COMPLEXITY" missed="3" covered="4"/><counter type="METHOD" missed="0" covered="1"/></method><method name="getStock" desc="(Ljava/lang/String;)I" line="35"><counter type="INSTRUCTION" missed="0" covered="9"/><counter type="LINE" missed="0" covered="1"/><counter type="COMPLEXITY" missed="0" covered="1"/><counter type="METHOD" missed="0" covered="1"/></method><method name="containsProduct" desc="(Ljava/lang/String;)Z" line="40"><counter type="INSTRUCTION" missed="0" covered="5"/><counter type="LINE" missed="0" covered="1"/><counter type="COMPLEXITY" missed="0" covered="1"/><counter type="METHOD" missed="0" covered="1"/></method><counter type="INSTRUCTION" missed="5" covered="77"/><counter type="BRANCH" missed="3" covered="9"/><counter type="LINE" missed="1" covered="14"/><counter type="COMPLEXITY" missed="3" covered="7"/><counter type="METHOD" missed="0" covered="4"/><counter type="CLASS" missed="0" covered="1"/></class><sourcefile name="Caso2.java"><line nr="14" mi="0" ci="2" mb="0" cb="0"/><line nr="15" mi="0" ci="6" mb="0" cb="0"/><line nr="18" mi="0" ci="6" mb="2" cb="2"/><line nr="19" mi="5" ci="0" mb="0" cb="0"/><line nr="21" mi="0" ci="3" mb="0" cb="0"/><line nr="22" mi="0" ci="8" mb="1" cb="3"/><line nr="23" mi="0" ci="5" mb="0" cb="0"/><line nr="25" mi="0" ci="3" mb="0" cb="2"/><line nr="26" mi="0" ci="5" mb="0" cb="0"/><line nr="28" mi="0" ci="3" mb="0" cb="2"/><line nr="29" mi="0" ci="5" mb="0" cb="0"/><line nr="31" mi="0" ci="16" mb="0" cb="0"/><line nr="32" mi="0" ci="1" mb="0" cb="0"/><line nr="35" mi="0" ci="9" mb="0" cb="0"/><line nr="40" mi="0" ci="5" mb="0" cb="0"/><counter type="INSTRUCTION" missed="5" covered="77"/><counter type="BRANCH" missed="3" covered="9"/><counter type="LINE" missed="1" covered="14"/><counter type="COMPLEXITY" missed="3" covered="7"/><counter type="METHOD" missed="0" covered="4"/><counter type="CLASS" missed="0" covered="1"/></sourcefile><sourcefile name="Caso4.java"><line nr="12" mi="0" ci="3" mb="0" cb="0"/><line nr="16" mi="0" ci="2" mb="0" cb="2"/><line nr="17" mi="0" ci="5" mb="0" cb="0"/><line nr="20" mi="0" ci="4" mb="0" cb="2"/><line nr="21" mi="0" ci="5" mb="0" cb="0"/><line nr="24" mi="0" ci="4" mb="0" cb="2"/><line nr="25" mi="0" ci="5" mb="0" cb="0"/><line nr="29" mi="0" ci="3" mb="0" cb="0"/><line nr="32" mi="0" ci="7" mb="0" cb="0"/><line nr="35" mi="0" ci="3" mb="0" cb="0"/><line nr="37" mi="0" ci="2" mb="0" cb="0"/><counter type="INSTRUCTION" missed="0" covered="43"/><counter type="BRANCH" missed="0" covered="6"/><counter type="LINE" missed="0" covered="11"/><counter type="COMPLEXITY" missed="0" covered="5"/><counter type="METHOD" missed="0" covered="2"/><counter type="CLASS" missed="0" covered="1"/></sourcefile><sourcefile name="Caso3.java"><line nr="11" mi="0" ci="3" mb="0" cb="0"/><line nr="13" mi="0" ci="6" mb="0" cb="4"/><line nr="14" mi="0" ci="5" mb="0" cb="0"/><line nr="17" mi="0" ci="8" mb="0" cb="4"/><line nr="18" mi="0" ci="2" mb="0" cb="0"/><line nr="21" mi="0" ci="4" mb="0" cb="2"/><line nr="22" mi="0" ci="2" mb="0" cb="0"/><line nr="24" mi="0" ci="4" mb="0" cb="0"/><line nr="25" mi="0" ci="8" mb="0" cb="4"/><line nr="26" mi="0" ci="2" mb="0" cb="0"/><line nr="29" mi="0" ci="5" mb="0" cb="0"/><line nr="30" mi="0" ci="6" mb="0" cb="0"/><line nr="32" mi="2" ci="3" mb="1" cb="1"/><line nr="33" mi="0" ci="10" mb="0" cb="4"/><line nr="34" mi="0" ci="6" mb="0" cb="2"/><line nr="35" mi="0" ci="6" mb="0" cb="2"/><line nr="37" mi="0" ci="4" mb="0" cb="0"/><line nr="38" mi="0" ci="5" mb="0" cb="2"/><line nr="40" mi="0" ci="5" mb="0" cb="0"/><line nr="41" mi="0" ci="6" mb="0" cb="0"/><line nr="43" mi="0" ci="6" mb="0" cb="2"/><line nr="44" mi="0" ci="5" mb="0" cb="2"/><line nr="46" mi="0" ci="2" mb="0" cb="0"/><counter type="INSTRUCTION" missed="2" covered="113"/><counter type="BRANCH" missed="1" covered="29"/><counter type="LINE" missed="0" covered="23"/><counter type="COMPLEXITY" missed="1" covered="16"/><counter type="METHOD" missed="0" covered="2"/><counter type="CLASS" missed="0" covered="1"/></sourcefile><sourcefile name="Caso1.java"><line nr="11" mi="0" ci="3" mb="0" cb="0"/><line nr="13" mi="0" ci="5" mb="1" cb="3"/><line nr="14" mi="0" ci="5" mb="0" cb="0"/><line nr="17" mi="0" ci="8" mb="0" cb="4"/><line nr="18" mi="0" ci="2" mb="0" cb="0"/><line nr="21" mi="0" ci="2" mb="0" cb="0"/><line nr="22" mi="0" ci="2" mb="0" cb="0"/><line nr="23" mi="0" ci="2" mb="0" cb="0"/><line nr="24" mi="0" ci="2" mb="0" cb="0"/><line nr="26" mi="0" ci="2" mb="0" cb="0"/><line nr="28" mi="0" ci="8" mb="0" cb="2"/><line nr="29" mi="0" ci="4" mb="0" cb="0"/><line nr="31" mi="0" ci="6" mb="0" cb="2"/><line nr="32" mi="0" ci="6" mb="0" cb="2"/><line nr="33" mi="0" ci="6" mb="0" cb="2"/><line nr="34" mi="0" ci="7" mb="0" cb="2"/><line nr="35" mi="0" ci="5" mb="1" cb="1"/><line nr="38" mi="0" ci="12" mb="2" cb="6"/><counter type="INSTRUCTION" missed="0" covered="87"/><counter type="BRANCH" missed="4" covered="24"/><counter type="LINE" missed="0" covered="18"/><counter type="COMPLEXITY" missed="4" covered="12"/><counter type="METHOD" missed="0" covered="2"/><counter type="CLASS" missed="0" covered="1"/></sourcefile><counter type="INSTRUCTION" missed="7" covered="320"/><counter type="BRANCH" missed="8" covered="68"/><counter type="LINE" missed="1" covered="66"/><counter type="COMPLEXITY" missed="8" covered="40"/><counter type="METHOD" missed="0" covered="10"/><counter type="CLASS" missed="0" covered="4"/></package><counter type="INSTRUCTION" missed="7" covered="320"/><counter type="BRANCH" missed="8" covered="68"/><counter type="LINE" missed="1" covered="66"/><counter type="COMPLEXITY" missed="8" covered="40"/><counter type="METHOD" missed="0" covered="10"/><counter type="CLASS" missed="0" covered="4"/></report>