<?xml version="1.0" encoding="UTF-8"?>
<testsuite xmlns:xsi="http://www.w3.org/2001/XMLSchema-instance" xsi:noNamespaceSchemaLocation="https://maven.apache.org/surefire/maven-surefire-plugin/xsd/surefire-test-report-3.0.xsd" version="3.0" name="com.pruebas.pccalidad.Caso3Test" time="0.02" tests="10" errors="0" skipped="0" failures="0">
  <properties>
[...]
</properties>
  <testcase name="testEmailNulo" classname="com.pruebas.pccalidad.Caso3Test" time="0.002"/>
  <testcase name="testEmailConEspacio" classname="com.pruebas.pccalidad.Caso3Test" time="0.001"/>
  <testcase name="testEmailConDosArrobas" classname="com.pruebas.pccalidad.Caso3Test" time="0.001"/>
  <testcase name="testEmailVacio" classname="com.pruebas.pccalidad.Caso3Test" time="0.001"/>
  <testcase name="testLocalPartInvalido" classname="com.pruebas.pccalidad.Caso3Test" time="0.001"/>
  <testcase name="testEmailMuyCorto" classname="com.pruebas.pccalidad.Caso3Test" time="0.001"/>
  <testcase name="testEmailMuyLargo" classname="com.pruebas.pccalidad.Caso3Test" time="0.001"/>
  <testcase name="testEmailSinArroba" classname="com.pruebas.pccalidad.Caso3Test" time="0.001"/>
  <testcase name="testEmailValido" classname="com.pruebas.pccalidad.Caso3Test" time="0.001"/>
  <testcase name="testDominioInvalido" classname="com.pruebas.pccalidad.Caso3Test" time="0.002"/>
</testsuite>